
2021-09-24 18:00:59.750547 https://www.w3schools.com/ 200
2021-09-24 18:01:00.002739 https://github.crom/ error when requesting the website
2021-09-24 18:01:00.008781 https://pypi.org/ 200
2021-09-24 18:01:00.196276 https://www.corriere.it/ 200
2021-09-24 18:01:00.490863 http://www.truc.machin error when requesting the website
2021-09-24 18:01:00.495421 https://pypi.org/project/forzajuve/ 404
2021-09-24 18:01:00.693549 https://www.tutorialsteacher.com/python 200
2021-09-24 18:01:04.494842 https://www.w3schools.com/ 200
2021-09-24 18:01:05.265397 https://github.crom/ error when requesting the website
2021-09-24 18:01:05.270048 https://pypi.org/ 200
2021-09-24 18:01:05.452570 https://www.corriere.it/ 200
2021-09-24 18:01:05.753000 http://www.truc.machin error when requesting the website
2021-09-24 18:01:05.757580 https://pypi.org/project/forzajuve/ 404
2021-09-24 18:01:05.939775 https://www.tutorialsteacher.com/python 200
2021-09-24 18:01:09.711181 https://www.w3schools.com/ 200
2021-09-24 18:01:09.906336 https://github.crom/ error when requesting the website
2021-09-24 18:01:09.910908 https://pypi.org/ 200
2021-09-24 18:01:10.098572 https://www.corriere.it/ 200
2021-09-24 18:01:10.354795 http://www.truc.machin error when requesting the website
2021-09-24 18:01:10.359585 https://pypi.org/project/forzajuve/ 404
2021-09-24 18:01:10.542169 https://www.tutorialsteacher.com/python 200
2021-09-24 18:01:13.921131 https://www.w3schools.com/ 200
2021-09-24 18:01:14.204762 https://github.crom/ error when requesting the website
2021-09-24 18:01:14.209496 https://pypi.org/ 200
2021-09-24 18:01:14.404839 https://www.corriere.it/ 200
2021-09-24 18:01:14.663712 http://www.truc.machin error when requesting the website
2021-09-24 18:01:14.668522 https://pypi.org/project/forzajuve/ 404
2021-09-24 18:01:14.849858 https://www.tutorialsteacher.com/python 200
2021-09-24 18:01:18.221726 https://www.w3schools.com/ 200
2021-09-24 18:01:18.417285 https://github.crom/ error when requesting the website
2021-09-24 18:01:18.421911 https://pypi.org/ 200
2021-09-24 18:01:18.613848 https://www.corriere.it/ 200
2021-09-24 18:01:18.870974 http://www.truc.machin error when requesting the website
2021-09-24 18:01:18.875835 https://pypi.org/project/forzajuve/ 404
2021-09-24 18:01:19.060648 https://www.tutorialsteacher.com/python 200
2021-09-24 18:02:37.548879 https://www.w3schools.com/ 200
2021-09-24 18:02:37.793561 https://github.crom/ error when requesting the website
2021-09-24 18:02:37.798467 https://pypi.org/ 200
2021-09-24 18:02:37.988891 https://www.corriere.it/ 200
2021-09-24 18:02:38.286876 http://www.truc.machin error when requesting the website
2021-09-24 18:02:38.291059 https://pypi.org/project/forzajuve/ 404
2021-09-24 18:02:38.549582 https://www.tutorialsteacher.com/python 200
2021-09-24 18:02:42.270335 https://www.w3schools.com/ 200
2021-09-24 18:02:42.466844 https://github.crom/ error when requesting the website
2021-09-24 18:02:42.471551 https://pypi.org/ 200
2021-09-24 18:02:42.658213 https://www.corriere.it/ 200
2021-09-24 18:02:42.909234 http://www.truc.machin error when requesting the website
2021-09-24 18:02:42.914143 https://pypi.org/project/forzajuve/ 404
2021-09-24 18:02:43.097206 https://www.tutorialsteacher.com/python 200
2021-09-24 18:02:46.898607 https://www.w3schools.com/ 200
2021-09-24 18:02:47.095179 https://github.crom/ error when requesting the website
2021-09-24 18:02:47.099750 https://pypi.org/ 200
2021-09-24 18:02:47.541421 https://www.corriere.it/ 200
2021-09-24 18:02:47.854407 http://www.truc.machin error when requesting the website
2021-09-24 18:02:47.858717 https://pypi.org/project/forzajuve/ 404
2021-09-24 18:02:48.067927 https://www.tutorialsteacher.com/python 200
2021-09-24 18:02:51.804845 https://www.w3schools.com/ 200
2021-09-24 18:02:51.998919 https://github.crom/ error when requesting the website
2021-09-24 18:02:52.003668 https://pypi.org/ 200
2021-09-24 18:02:52.189278 https://www.corriere.it/ 200
2021-09-24 18:02:52.446008 http://www.truc.machin error when requesting the website
2021-09-24 18:02:52.450777 https://pypi.org/project/forzajuve/ 404
2021-09-24 18:02:52.668312 https://www.tutorialsteacher.com/python 200
2021-09-24 18:02:56.079407 https://www.w3schools.com/ 200
2021-09-24 18:02:56.266260 https://github.crom/ error when requesting the website
2021-09-24 18:02:56.269455 https://pypi.org/ 200
2021-09-24 18:02:56.444271 https://www.corriere.it/ 200
2021-09-24 18:02:56.694796 http://www.truc.machin error when requesting the website
2021-09-24 18:02:56.698304 https://pypi.org/project/forzajuve/ 404
2021-09-24 18:02:56.874781 https://www.tutorialsteacher.com/python 200
2021-09-24 18:03:00.428049 https://www.w3schools.com/ 200
2021-09-24 18:03:00.624790 https://github.crom/ error when requesting the website
2021-09-24 18:03:00.629519 https://pypi.org/ 200
2021-09-24 18:03:00.808495 https://www.corriere.it/ 200
2021-09-24 18:03:01.054594 http://www.truc.machin error when requesting the website
2021-09-24 18:03:01.059422 https://pypi.org/project/forzajuve/ 404
2021-09-24 18:03:01.249408 https://www.tutorialsteacher.com/python 200
2021-09-24 18:03:04.974096 https://www.w3schools.com/ 200
2021-09-24 18:03:05.167023 https://github.crom/ error when requesting the website
2021-09-24 18:03:05.171774 https://pypi.org/ 200
2021-09-24 18:03:05.354791 https://www.corriere.it/ 200
2021-09-24 18:03:05.615193 http://www.truc.machin error when requesting the website
2021-09-24 18:03:05.618761 https://pypi.org/project/forzajuve/ 404
2021-09-24 18:03:05.798474 https://www.tutorialsteacher.com/python 200
